API data structure: {
  "epics": [
    {
      "id": 123982,
      "name": "SharePoint NS",
      "startDate": "2024-03-03T23:00:00Z",
      "endDate": ""
    },
    {
      "id": 139494,
      "name": "Cybersecurity",
      "startDate": "",
      "endDate": ""
    },
    {
      "id": 149061,
      "name": "Infosys",
      "startDate": "",
      "endDate": ""
    },
    {
      "id": 149062,
      "name": "CGI",
      "startDate": "",
      "endDate": ""
    },
    {
      "id": 149063,
      "name": "Not Assigned",
      "startDate": "",
      "endDate": ""
    },
    {
      "id": 150482,
      "name": "Deploy 1",
      "startDate": "2024-08-04T22:00:00Z",
      "endDate": ""
    },
    {
      "id": 150483,
      "name": "Deploy 2",
      "startDate": "2024-08-11T22:00:00Z",
      "endDate": ""
    },
    {
      "id": 150484,
      "name": "Deploy 3",
      "startDate": "2024-09-01T22:00:00Z",
      "endDate": ""
    },
    {
      "id": 150485,
      "name": "Deploy 4",
      "startDate": "2024-09-15T22:00:00Z",
      "endDate": ""
    },
    {
      "id": 150486,
      "name": "Deploy 5",
      "startDate": "2024-10-06T22:00:00Z",
      "endDate": ""
    },
    {
      "id": 150487,
      "name": "Deploy 6",
      "startDate": "2024-10-20T22:00:00Z",
      "endDate": ""
    },
    {
      "id": 150488,
      "name": "Deploy 7",
      "startDate": "2025-01-05T23:00:00Z",
      "endDate": ""
    },
    {
      "id": 150583,
      "name": "Dev. Focus 1",
      "startDate": "2024-06-30T22:00:00Z",
      "endDate": ""
    },
    {
      "id": 150584,
      "name": "Dev. Focus 2",
      "startDate": "2024-07-31T22:00:00Z",
      "endDate": ""
    },
    {
      "id": 150585,
      "name": "Dev. Focus 3",
      "startDate": "2024-08-31T22:00:00Z",
      "endDate": ""
    },
    {
      "id": 150620,
      "name": "Dev. Focus 4",
      "startDate": "2024-10-20T22:00:00Z",
      "endDate": ""
    },
    {
      "id": 150843,
      "name": "Dev. Focus 5",
      "startDate": "2024-12-01T23:00:00Z",
      "endDate": ""
    },
    {
      "id": 150844,
      "name": "Dev. Focus 6",
      "startDate": "2025-01-05T23:00:00Z",
      "endDate": ""
    },
    {
      "id": 150845,
      "name": "Dev. Focus 7",
      "startDate": "2024-09-08T22:00:00Z",
      "endDate": ""
    },
    {
      "id": 150846,
      "name": "Dev. Focus 8",
      "startDate": "2024-09-22T22:00:00Z",
      "endDate": ""
    },
    {
      "id": 153200,
      "name": "Stanley Infrastructure (SBD)",
      "startDate": "",
      "endDate": ""
    },
    {
      "id": 153201,
      "name": "CR Mining",
      "startDate": "",
      "endDate": ""
    },
    {
      "id": 153202,
      "name": "Corescan",
      "startDate": "2024-08-21T22:00:00Z",
      "endDate": ""
    },
    {
      "id": 153203,
      "name": "Radlink",
      "startDate": "",
      "endDate": ""
    },
    {
      "id": 153204,
      "name": "Weco",
      "startDate": "",
      "endDate": ""
    },
    {
      "id": 153205,
      "name": "ASI Mining",
      "startDate": "",
      "endDate": ""
    },
    {
      "id": 153206,
      "name": "Yieldpoint",
      "startDate": "",
      "endDate": ""
    },
    {
      "id": 153207,
      "name": "Frenchline",
      "startDate": "",
      "endDate": ""
    },
    {
      "id": 153208,
      "name": "ACB+",
      "startDate": "",
      "endDate": ""
    },
    {
      "id": 153209,
      "name": "Template",
      "startDate": "",
      "endDate": ""
    },
    {
      "id": 153785,
      "name": "On hold",
      "startDate": "",
      "endDate": ""
    },
    {
      "id": 154404,
      "name": "Modern Work Solutions",
      "startDate": "",
      "endDate": ""
    },
    {
      "id": 154405,
      "name": "Empowered Data",
      "startDate": "",
      "endDate": ""
    },
    {
      "id": 154406,
      "name": "Collaborative Information Solutions",
      "startDate": "",
      "endDate": ""
    },
    {
      "id": 154407,
      "name": "Unified Communications & Collaboration",
      "startDate": "",
      "endDate": ""
    },
    {
      "id": 154408,
      "name": "X-as-Code",
      "startDate": "",
      "endDate": ""
    },
    {
      "id": 154409,
      "name": "Democratization of IT",
      "startDate": "",
      "endDate": ""
    },
    {
      "id": 154410,
      "name": "Cybersecurity",
      "startDate": "",
      "endDate": ""
    },
    {
      "id": 154411,
      "name": "Data management",
      "startDate": "",
      "endDate": ""
    },
    {
      "id": 154412,
      "name": "Governance & Support",
      "startDate": "2024-09-08T22:00:00Z",
      "endDate": ""
    }
  ],
  "features": [
    {
      "id": 121477,
      "name": "Training for support team",
      "startDate": "",
      "endDate": ""
    },
    {
      "id": 121631,
      "name": "GDPR",
      "startDate": "",
      "endDate": ""
    },
    {
      "id": 122933,
      "name": "Project planning #1",
      "startDate": "",
      "endDate": ""
    },
    {
      "id": 122934,
      "name": "Inventory #2",
      "startDate": "",
      "endDate": ""
    },
    {
      "id": 122935,
      "name": "Copy Data #3",
      "startDate": "",
      "endDate": ""
    },
    {
      "id": 122936,
      "name": "Testing #4",
      "startDate": "",
      "endDate": ""
    },
    {
      "id": 122937,
      "name": "Freeze #5",
      "startDate": "",
      "endDate": ""
    },
    {
      "id": 122938,
      "name": "Cutover #6",
      "startDate": "",
      "endDate": ""
    },
    {
      "id": 122939,
      "name": "Hypercare #7",
      "startDate": "",
      "endDate": ""
    },
    {
      "id": 123381,
      "name": "J - New feature test",
      "startDate": "",
      "endDate": ""
    },
    {
      "id": 123384,
      "name": "J - test igen",
      "startDate": "",
      "endDate": ""
    },
    {
      "id": 123755,
      "name": "Pre-migration Tool",
      "startDate": "",
      "endDate": ""
    },
    {
      "id": 123756,
      "name": "Post-migration tool",
      "startDate": "",
      "endDate": ""
    },
    {
      "id": 123768,
      "name": "Dev. focus 1 - Server-side code & WF",
      "startDate": "",
      "endDate": ""
    },
    {
      "id": 123772,
      "name": "Remove Server-side code - S&C",
      "startDate": "",
      "endDate": ""
    },
    {
      "id": 123786,
      "name": "Create Templates",
      "startDate": "",
      "endDate": ""
    },
    {
      "id": 123789,
      "name": "Architectural structure",
      "startDate": "",
      "endDate": ""
    },
    {
      "id": 123790,
      "name": "Migration Process Description ",
      "startDate": "",
      "endDate": ""
    },
    {
      "id": 123791,
      "name": "Establish environments",
      "startDate": "",
      "endDate": ""
    },
    {
      "id": 123792,
      "name": "Prepare training for end users",
      "startDate": "",
      "endDate": ""
    },
    {
      "id": 123793,
      "name": "Training material - End user",
      "startDate": "",
      "endDate": ""
    },
    {
      "id": 123794,
      "name": "New and Deprecated functions",
      "startDate": "",
      "endDate": ""
    },
    {
      "id": 123795,
      "name": "Business testers",
      "startDate": "",
      "endDate": ""
    },
    {
      "id": 123796,
      "name": "Project reference group",
      "startDate": "",
      "endDate": ""
    },
    {
      "id": 123801,
      "name": "New URLs impact",
      "startDate": "",
      "endDate": ""
    },
    {
      "id": 123802,
      "name": "Life Cycle Management - LCM",
      "startDate": "",
      "endDate": ""
    },
    {
      "id": 123899,
      "name": "Communication activities",
      "startDate": "",
      "endDate": ""
    },
    {
      "id": 124226,
      "name": "Secure Access",
      "startDate": "",
      "endDate": ""
    },
    {
      "id": 124227,
      "name": "Permisson Control",
      "startDate": "",
      "endDate": ""
    },
    {
      "id": 124228,
      "name": "Information Protection",
      "startDate": "",
      "endDate": ""
    },
    {
      "id": 124229,
      "name": "Logging/Backup/Encryption",
      "startDate": "",
      "endDate": ""
    },
    {
      "id": 124346,
      "name": "Governance & Support\u200b",
      "startDate": "",
      "endDate": ""
    },
    {
      "id": 124817,
      "name": "ris",
      "startDate": "",
      "endDate": ""
    },
    {
      "id": 126723,
      "name": "Analyze licensing",
      "startDate": "",
      "endDate": ""
    },
    {
      "id": 126727,
      "name": "Handling of acquisitions",
      "startDate": "",
      "endDate": ""
    },
    {
      "id": 126730,
      "name": "Search functionality",
      "startDate": "",
      "endDate": ""
    },
    {
      "id": 126870,
      "name": "Governanace and support organization",
      "startDate": "",
      "endDate": ""
    },
    {
      "id": 126871,
      "name": "SharePoint Policy change",
      "startDate": "",
      "endDate": ""
    },
    {
      "id": 126872,
      "name": "Support KT and KB's",
      "startDate": "",
      "endDate": ""
    },
    {
      "id": 126873,
      "name": "ServiceNow changes",
      "startDate": "",
      "endDate": ""
    },
    {
      "id": 126874,
      "name": "Master Tracker - Identify Site Owners",
      "startDate": "",
      "endDate": ""
    },
    {
      "id": 126875,
      "name": "Support organization during project",
      "startDate": "",
      "endDate": ""
    },
    {
      "id": 126877,
      "name": "Site Statistics",
      "startDate": "",
      "endDate": ""
    },
    {
      "id": 126878,
      "name": "Changes and requests during project",
      "startDate": "",
      "endDate": ""
    },
    {
      "id": 126879,
      "name": "Rundown of On-prem environment",
      "startDate": "",
      "endDate": ""
    },
    {
      "id": 126921,
      "name": "Freeze period for code changes",
      "startDate": "",
      "endDate": ""
    },
    {
      "id": 126923,
      "name": "Dev. focus planning",
      "startDate": "",
      "endDate": ""
    },
    {
      "id": 126925,
      "name": "Master Tracker - Feed & Read",
      "startDate": "",
      "endDate": ""
    },
    {
      "id": 126942,
      "name": "Redirect feature",
      "startDate": "",
      "endDate": ""
    },
    {
      "id": 126943,
      "name": "Monitoring & Alarms",
      "startDate": "",
      "endDate": ""
    },
    {
      "id": 126948,
      "name": "Test migrations",
      "startDate": "",
      "endDate": ""
    },
    {
      "id": 126950,
      "name": "Development tools",
      "startDate": "",
      "endDate": ""
    },
    {
      "id": 126951,
      "name": "Development guidelines",
      "startDate": "",
      "endDate": ""
    },
    {
      "id": 126958,
      "name": "DCQ-list",
      "startDate": "",
      "endDate": ""
    },
    {
      "id": 126959,
      "name": "Integrations",
      "startDate": "",
      "endDate": ""
    },
    {
      "id": 126960,
      "name": "SPO upgrades",
      "startDate": "",
      "endDate": ""
    },
    {
      "id": 127391,
      "name": "Training evaluation",
      "startDate": "",
      "endDate": ""
    },
    {
      "id": 127394,
      "name": "Test plan",
      "startDate": "",
      "endDate": ""
    },
    {
      "id": 127405,
      "name": "Analyze Large Applications",
      "startDate": "",
      "endDate": ""
    },
    {
      "id": 127625,
      "name": "Pipeline auto deploy",
      "startDate": "",
      "endDate": ""
    },
    {
      "id": 127761,
      "name": "Perform training for end users",
      "startDate": "",
      "endDate": ""
    },
    {
      "id": 128210,
      "name": "Azure Development Prerequisites",
      "startDate": "",
      "endDate": ""
    },
    {
      "id": 128570,
      "name": "Version history",
      "startDate": "",
      "endDate": ""
    },
    {
      "id": 128584,
      "name": "Master Site Tracker - Plan and create",
      "startDate": "",
      "endDate": ""
    },
    {
      "id": 128720,
      "name": "Temporary Master Tracker ",
      "startDate": "",
      "endDate": ""
    },
    {
      "id": 128748,
      "name": "Server-side Code - Analyze",
      "startDate": "",
      "endDate": ""
    },
    {
      "id": 128758,
      "name": "Information site",
      "startDate": "",
      "endDate": ""
    },
    {
      "id": 128769,
      "name": "Communication plan",
      "startDate": "",
      "endDate": ""
    },
    {
      "id": 130678,
      "name": "Architecture ",
      "startDate": "",
      "endDate": ""
    },
    {
      "id": 131504,
      "name": "Azure LZ Production",
      "startDate": "",
      "endDate": ""
    },
    {
      "id": 131948,
      "name": "Batch \"First sites\" - Server-side code & WF",
      "startDate": "",
      "endDate": ""
    },
    {
      "id": 132722,
      "name": "Deploy process",
      "startDate": "",
      "endDate": ""
    },
    {
      "id": 137776,
      "name": "Target architecture",
      "startDate": "",
      "endDate": ""
    },
    {
      "id": 137777,
      "name": "Target architecture",
      "startDate": "",
      "endDate": ""
    },
    {
      "id": 137779,
      "name": "Target architecture",
      "startDate": "",
      "endDate": ""
    },
    {
      "id": 137780,
      "name": "Target architecture",
      "startDate": "",
      "endDate": ""
    },
    {
      "id": 139173,
      "name": "Way of Working in SPO",
      "startDate": "",
      "endDate": ""
    },
    {
      "id": 139495,
      "name": "Data Management",
      "startDate": "",
      "endDate": ""
    },
    {
      "id": 139496,
      "name": "Democratization of IT\u200b",
      "startDate": "",
      "endDate": ""
    },
    {
      "id": 139497,
      "name": "Modern work solutions",
      "startDate": "",
      "endDate": ""
    },
    {
      "id": 139498,
      "name": "Empowered Data",
      "startDate": "",
      "endDate": ""
    },
    {
      "id": 139499,
      "name": "Collaborative Information Management",
      "startDate": "",
      "endDate": ""
    },
    {
      "id": 139500,
      "name": "Unified Communications & Collaboration",
      "startDate": "",
      "endDate": ""
    },
    {
      "id": 139501,
      "name": "X-as-Code",
      "startDate": "",
      "endDate": ""
    },
    {
      "id": 141556,
      "name": "Group Codes",
      "startDate": "",
      "endDate": ""
    },
    {
      "id": 141968,
      "name": "Test Scenarios",
      "startDate": "",
      "endDate": ""
    },
    {
      "id": 141972,
      "name": "Testing - \"Test migrations\"",
      "startDate": "",
      "endDate": ""
    },
    {
      "id": 144107,
      "name": "Epiroc Management System",
      "startDate": "",
      "endDate": ""
    },
    {
      "id": 144122,
      "name": "Prokura",
      "startDate": "",
      "endDate": ""
    },
    {
      "id": 144123,
      "name": "Contract db",
      "startDate": "",
      "endDate": ""
    },
    {
      "id": 144124,
      "name": "PPM Tool",
      "startDate": "",
      "endDate": ""
    },
    {
      "id": 144125,
      "name": "Permit Management - classic",
      "startDate": "",
      "endDate": ""
    },
    {
      "id": 144127,
      "name": "Permit Management - Modern",
      "startDate": "",
      "endDate": ""
    },
    {
      "id": 144128,
      "name": "MR Stocking Tool",
      "startDate": "",
      "endDate": ""
    },
    {
      "id": 144129,
      "name": "Who-is-Who",
      "startDate": "",
      "endDate": ""
    },
    {
      "id": 144130,
      "name": "TD-Rapp",
      "startDate": "",
      "endDate": ""
    },
    {
      "id": 144131,
      "name": "SED CPI Prio",
      "startDate": "",
      "endDate": ""
    },
    {
      "id": 144133,
      "name": "Business Control",
      "startDate": "",
      "endDate": ""
    },
    {
      "id": 144703,
      "name": "Deploy plan",
      "startDate": "",
      "endDate": ""
    },
    {
      "id": 144731,
      "name": "Dev. focus 2 - Server-side code & WF",
      "startDate": "",
      "endDate": ""
    },
    {
      "id": 144732,
      "name": "Dev. focus 3 - Server-side code & WF",
      "startDate": "",
      "endDate": ""
    },
    {
      "id": 149065,
      "name": "Epiroc Home",
      "startDate": "",
      "endDate": ""
    },
    {
      "id": 149066,
      "name": "Marketing Portals",
      "startDate": "",
      "endDate": ""
    },
    {
      "id": 149067,
      "name": "Marketing Sync",
      "startDate": "",
      "endDate": ""
    },
    {
      "id": 149068,
      "name": "RDT Claims",
      "startDate": "",
      "endDate": ""
    },
    {
      "id": 149069,
      "name": "TSNB",
      "startDate": "",
      "endDate": ""
    },
    {
      "id": 149070,
      "name": "3RS",
      "startDate": "",
      "endDate": ""
    },
    {
      "id": 149071,
      "name": "SED RnD Doc",
      "startDate": "",
      "endDate": ""
    },
    {
      "id": 149072,
      "name": "Document Management System",
      "startDate": "",
      "endDate": ""
    },
    {
      "id": 149876,
      "name": "Dev. focus 4 - Server-side code & WF",
      "startDate": "",
      "endDate": ""
    },
    {
      "id": 149916,
      "name": "MS Teams migration",
      "startDate": "",
      "endDate": ""
    },
    {
      "id": 149923,
      "name": "Search",
      "startDate": "",
      "endDate": ""
    },
    {
      "id": 150322,
      "name": "Dev. focus General - Server-side code & WF",
      "startDate": "",
      "endDate": ""
    },
    {
      "id": 150617,
      "name": "Dev. focus planning 1",
      "startDate": "",
      "endDate": ""
    },
    {
      "id": 150836,
      "name": "Dev. focus planning 2",
      "startDate": "",
      "endDate": ""
    },
    {
      "id": 150837,
      "name": "Dev. focus planning 3",
      "startDate": "",
      "endDate": ""
    },
    {
      "id": 150838,
      "name": "Dev. focus planning  4",
      "startDate": "",
      "endDate": ""
    },
    {
      "id": 150839,
      "name": "Dev. focus planning  5",
      "startDate": "",
      "endDate": ""
    },
    {
      "id": 150840,
      "name": "Dev. focus planning  6",
      "startDate": "",
      "endDate": ""
    },
    {
      "id": 150841,
      "name": "Dev. focus planning 7",
      "startDate": "",
      "endDate": ""
    },
    {
      "id": 150842,
      "name": "Dev. focus planning 8",
      "startDate": "",
      "endDate": ""
    },
    {
      "id": 150867,
      "name": "Dev. focus 5 - Server-side code & WF",
      "startDate": "",
      "endDate": ""
    },
    {
      "id": 150884,
      "name": "Dev. focus 6 - Server-side code & WF",
      "startDate": "",
      "endDate": ""
    },
    {
      "id": 150888,
      "name": "Dev. focus 7 - Server-side code & WF",
      "startDate": "",
      "endDate": ""
    },
    {
      "id": 150892,
      "name": "Dev. focus 8 - Server-side code & WF",
      "startDate": "",
      "endDate": ""
    },
    {
      "id": 150924,
      "name": "Deploy Pre-migration D1",
      "startDate": "",
      "endDate": ""
    },
    {
      "id": 150925,
      "name": "Deploy Migration D1",
      "startDate": "",
      "endDate": ""
    },
    {
      "id": 150926,
      "name": "Deploy Post-migration D1",
      "startDate": "",
      "endDate": ""
    },
    {
      "id": 151070,
      "name": "Deploy Post-migration D2",
      "startDate": "",
      "endDate": ""
    },
    {
      "id": 151085,
      "name": "Deploy Pre-migration D2",
      "startDate": "",
      "endDate": ""
    },
    {
      "id": 151111,
      "name": "Deploy migration D2",
      "startDate": "",
      "endDate": ""
    },
    {
      "id": 151306,
      "name": "Deploy Pre-migration D3",
      "startDate": "",
      "endDate": ""
    },
    {
      "id": 151307,
      "name": "Deploy migration D3",
      "startDate": "",
      "endDate": ""
    },
    {
      "id": 151308,
      "name": "Deploy Post-migration D3",
      "startDate": "",
      "endDate": ""
    },
    {
      "id": 151417,
      "name": "Deploy Pre-migration D4",
      "startDate": "",
      "endDate": ""
    },
    {
      "id": 151418,
      "name": "Deploy migration D4",
      "startDate": "",
      "endDate": ""
    },
    {
      "id": 151419,
      "name": "Deploy Post-migration D4",
      "startDate": "",
      "endDate": ""
    },
    {
      "id": 151420,
      "name": "Deploy Pre-migration D5",
      "startDate": "",
      "endDate": ""
    },
    {
      "id": 151421,
      "name": "Deploy migration D5",
      "startDate": "",
      "endDate": ""
    },
    {
      "id": 151422,
      "name": "Deploy Post-migration D5",
      "startDate": "",
      "endDate": ""
    },
    {
      "id": 153212,
      "name": "Project Planning",
      "startDate": "",
      "endDate": ""
    },
    {
      "id": 153213,
      "name": "Assessment",
      "startDate": "",
      "endDate": ""
    },
    {
      "id": 153214,
      "name": "Copy Data",
      "startDate": "",
      "endDate": ""
    },
    {
      "id": 153215,
      "name": "Testing",
      "startDate": "",
      "endDate": ""
    },
    {
      "id": 153216,
      "name": "Freeze",
      "startDate": "",
      "endDate": ""
    },
    {
      "id": 153217,
      "name": "Cutover",
      "startDate": "",
      "endDate": ""
    },
    {
      "id": 153218,
      "name": "Hypercare",
      "startDate": "",
      "endDate": ""
    },
    {
      "id": 153796,
      "name": "URE RnD URDBH & App Launcher",
      "startDate": "",
      "endDate": ""
    },
    {
      "id": 154413,
      "name": "LvL3 - Support",
      "startDate": "",
      "endDate": ""
    },
    {
      "id": 154414,
      "name": "Microsoft 365 Updates",
      "startDate": "",
      "endDate": ""
    },
    {
      "id": 154420,
      "name": "Mail",
      "startDate": "",
      "endDate": ""
    },
    {
      "id": 154421,
      "name": "SMTP 1.5 Project",
      "startDate": "2024-10-18T00:00:00Z",
      "endDate": ""
    },
    {
      "id": 154425,
      "name": "Dynamic groups",
      "startDate": "2024-09-30T22:00:00Z",
      "endDate": ""
    },
    {
      "id": 154861,
      "name": "AvePoint - Backup",
      "startDate": "",
      "endDate": ""
    },
    {
      "id": 154862,
      "name": "Backup implementation V1.0",
      "startDate": "2024-09-08T22:00:00Z",
      "endDate": ""
    },
    {
      "id": 155113,
      "name": "Compliance",
      "startDate": "",
      "endDate": ""
    },
    {
      "id": 155114,
      "name": "Security",
      "startDate": "",
      "endDate": ""
    },
    {
      "id": 155115,
      "name": "Purview Implementation 1.0",
      "startDate": "2024-09-11T22:00:00Z",
      "endDate": ""
    },
    {
      "id": 155119,
      "name": "M365 SOC",
      "startDate": "2024-09-11T22:00:00Z",
      "endDate": ""
    },
    {
      "id": 155122,
      "name": "Collective Intelligence",
      "startDate": "",
      "endDate": ""
    },
    {
      "id": 155123,
      "name": "Making data available",
      "startDate": "",
      "endDate": ""
    },
    {
      "id": 155124,
      "name": "SharePoint Launch",
      "startDate": "2024-09-30T22:00:00Z",
      "endDate": ""
    },
    {
      "id": 155125,
      "name": "Modern Conference Rooms",
      "startDate": "",
      "endDate": ""
    },
    {
      "id": 155126,
      "name": "Teams Rooms POC",
      "startDate": "2024-09-11T22:00:00Z",
      "endDate": ""
    },
    {
      "id": 155127,
      "name": "Interaction",
      "startDate": "",
      "endDate": ""
    },
    {
      "id": 155128,
      "name": "Citizen developer",
      "startDate": "2024-09-11T22:00:00Z",
      "endDate": ""
    },
    {
      "id": 155144,
      "name": "Exchange Cleanup",
      "startDate": "2024-09-11T22:00:00Z",
      "endDate": ""
    },
    {
      "id": 155162,
      "name": "Identity",
      "startDate": "",
      "endDate": ""
    },
    {
      "id": 155163,
      "name": "Conditional access project 2.0",
      "startDate": "2025-01-21T23:00:00Z",
      "endDate": ""
    },
    {
      "id": 155255,
      "name": "Transparency",
      "startDate": "",
      "endDate": ""
    },
    {
      "id": 155256,
      "name": "M365 Platform overview for management",
      "startDate": "",
      "endDate": ""
    },
    {
      "id": 155325,
      "name": "Mail Security",
      "startDate": "2024-08-31T22:00:00Z",
      "endDate": ""
    },
    {
      "id": 155339,
      "name": "Exchange Features",
      "startDate": "",
      "endDate": ""
    },
    {
      "id": 155342,
      "name": "Litigation Hold",
      "startDate": "",
      "endDate": ""
    },
    {
      "id": 155372,
      "name": "Adoption",
      "startDate": "",
      "endDate": ""
    },
    {
      "id": 155376,
      "name": "User training",
      "startDate": "",
      "endDate": ""
    },
    {
      "id": 155378,
      "name": "Deliver at speed",
      "startDate": "",
      "endDate": ""
    },
    {
      "id": 155380,
      "name": "Business engagement",
      "startDate": "",
      "endDate": ""
    },
    {
      "id": 155381,
      "name": "Public Release Roadmap",
      "startDate": "",
      "endDate": ""
    },
    {
      "id": 155383,
      "name": "DevOps",
      "startDate": "",
      "endDate": ""
    },
    {
      "id": 155384,
      "name": "Microsoft 365 DSC",
      "startDate": "",
      "endDate": ""
    },
    {
      "id": 155386,
      "name": "Conference Devices",
      "startDate": "",
      "endDate": ""
    },
    {
      "id": 155387,
      "name": "Platform Monitoring & Automation",
      "startDate": "",
      "endDate": ""
    },
    {
      "id": 155390,
      "name": "Service contingency",
      "startDate": "",
      "endDate": ""
    },
    {
      "id": 155392,
      "name": "DRP",
      "startDate": "",
      "endDate": ""
    },
    {
      "id": 155394,
      "name": "Epiroc M365 WoW",
      "startDate": "",
      "endDate": ""
    },
    {
      "id": 155485,
      "name": "User Account Lifecycle",
      "startDate": "",
      "endDate": ""
    },
    {
      "id": 155491,
      "name": "Epiroc Rules of engagement for external collaboration",
      "startDate": "2024-09-16T22:00:00Z",
      "endDate": ""
    },
    {
      "id": 155517,
      "name": "Licensing",
      "startDate": "",
      "endDate": ""
    },
    {
      "id": 155532,
      "name": "Microsoft defender Long term",
      "startDate": "2024-11-30T23:00:00Z",
      "endDate": ""
    }
  ],
  "sprints": [
    {
      "id": "dbe4332f-a9d3-432c-91a7-59ace7bea06f",
      "name": "24Q1",
      "startDate": "2024-01-01T00:00:00Z",
      "endDate": "2024-03-31T00:00:00Z"
    },
    {
      "id": "432ce844-5e3d-46aa-aefc-86f181365023",
      "name": "2024 Q1",
      "startDate": "2024-01-01T00:00:00Z",
      "endDate": "2024-04-01T00:00:00Z"
    },
    {
      "id": "e32ef40b-8e0f-485c-885c-863487c88bec",
      "name": "2025 Q1",
      "startDate": "2024-01-01T00:00:00Z",
      "endDate": "2024-04-01T00:00:00Z"
    },
    {
      "id": "764f2860-886d-40c7-a74d-d6ce41fc23d6",
      "name": "Sprint 1",
      "startDate": "2024-04-01T00:00:00Z",
      "endDate": "2024-05-03T00:00:00Z"
    },
    {
      "id": "2af37afe-1546-429d-8040-c6eb2a022947",
      "name": "24Q2",
      "startDate": "2024-04-01T00:00:00Z",
      "endDate": "2024-06-30T00:00:00Z"
    },
    {
      "id": "3587fb1b-03b4-456f-a4c2-357e8e89b61c",
      "name": "2024 Q2",
      "startDate": "2024-04-01T00:00:00Z",
      "endDate": "2024-06-30T00:00:00Z"
    },
    {
      "id": "1f5c4444-ace2-4804-96a4-a8d5bde0d723",
      "name": "Sprint 2",
      "startDate": "2024-05-06T00:00:00Z",
      "endDate": "2024-05-31T00:00:00Z"
    },
    {
      "id": "8ca78633-fcfe-47ab-a5e1-8ea3d016317b",
      "name": "Sprint 3",
      "startDate": "2024-06-03T00:00:00Z",
      "endDate": "2024-06-27T00:00:00Z"
    },
    {
      "id": "f113a781-2b24-4f74-a8ae-4af7ef7cfcbd",
      "name": "Sprint 4",
      "startDate": "2024-06-28T00:00:00Z",
      "endDate": "2024-08-16T00:00:00Z"
    },
    {
      "id": "88948672-f3eb-492b-a313-5caf07c1c904",
      "name": "24Q3",
      "startDate": "2024-07-01T00:00:00Z",
      "endDate": "2024-09-30T00:00:00Z"
    },
    {
      "id": "35ee298c-9f47-4cee-ba8c-86b625a8b7b8",
      "name": "2024 Q3",
      "startDate": "2024-07-01T00:00:00Z",
      "endDate": "2024-09-30T00:00:00Z"
    },
    {
      "id": "ccf5e2d1-13db-48c5-851e-e9fdff922b4e",
      "name": "Sprint 5",
      "startDate": "2024-08-19T00:00:00Z",
      "endDate": "2024-09-29T00:00:00Z"
    },
    {
      "id": "648c591c-3a53-44fa-8d5d-5f5fd03e90c2",
      "name": "Sprint 6",
      "startDate": "2024-09-30T00:00:00Z",
      "endDate": "2024-11-03T00:00:00Z"
    },
    {
      "id": "e8c95005-9ab1-40be-a80e-d7eb60b978c3",
      "name": "24Q4",
      "startDate": "2024-10-01T00:00:00Z",
      "endDate": "2024-12-31T00:00:00Z"
    },
    {
      "id": "5f3472c2-b1cc-433c-9918-1d4cab6dc2dc",
      "name": "2024 Q4",
      "startDate": "2024-10-01T00:00:00Z",
      "endDate": "2024-12-31T00:00:00Z"
    },
    {
      "id": "e0afe57c-ba9d-40a3-b04d-ef4934335f59",
      "name": "Sprint 7",
      "startDate": "2024-11-04T00:00:00Z",
      "endDate": "2024-12-01T00:00:00Z"
    },
    {
      "id": "eb71a9f0-fb30-4eb7-8c40-962fdaea1f30",
      "name": "Sprint 8",
      "startDate": "2024-12-02T00:00:00Z",
      "endDate": "2025-01-05T00:00:00Z"
    },
    {
      "id": "4e9e3456-de14-4c98-83c5-3f474070229a",
      "name": "M365 - UC Acquisitions Projects",
      "startDate": null,
      "endDate": null
    }
  ]
}
